<?xml version="1.0" encoding="utf-8"?><testsuites name="pytest tests"><testsuite name="pytest" errors="0" failures="2" skipped="0" tests="8" time="5.653" timestamp="2026-08-17T03:11:39.911169+00:00" hostname="agent-env-434642b2-b122-45bc-95e4-206c11c9b6ad"><testcase classname="tests.test_drafts.TestDraftAPI" name="test_user_create_update_publish_and_public_non_visibility" time="1.764" /><testcase classname="tests.test_drafts.TestDraftAPI" name="test_delete_draft_removes_document_without_affecting_active_inventory" time="0.490" /><testcase classname="tests.test_drafts.TestDraftAPI" name="test_role_scoping_and_admin_sees_all_drafts" time="0.781" /><testcase classname="tests.test_drafts.TestDraftAPI" name="test_developer_project_draft_persistence_scope_and_delete" time="0.801" /><testcase classname="tests.test_drafts.TestDraftAPI" name="test_admin_publish_draft_becomes_public" time="0.276" /><testcase classname="tests.test_drafts.TestDraftAPI" name="test_non_admin_cannot_escalate_draft_directly_to_active" time="0.282"><failure message="AssertionError: {&quot;id&quot;:&quot;035f6766-b2f1-436e-a43f-3ab313396a2b&quot;,&quot;created_at&quot;:&quot;2026-08-17T03:11:44.378205+00:00&quot;,&quot;updated_at&quot;:&quot;2026-08-17T03:11:44.489098+00:00&quot;,&quot;title&quot;:&quot;TEST_Draft_Property_bccaa7660d&quot;,&quot;slug&quot;:&quot;test-draft-property-bccaa7660d&quot;,&quot;description&quot;:null,&quot;listing_type&quot;:&quot;sale&quot;,&quot;property_category&quot;:&quot;residential&quot;,&quot;property_type&quot;:&quot;apartment&quot;,&quot;bhk&quot;:null,&quot;bathrooms&quot;:null,&quot;balcony&quot;:null,&quot;parking&quot;:null,&quot;floor&quot;:null,&quot;total_floors&quot;:null,&quot;furnishing&quot;:null,&quot;construction_status&quot;:null,&quot;possession&quot;:null,&quot;property_age&quot;:null,&quot;price&quot;:5100000.0,&quot;price_per_sqft&quot;:null,&quot;rent&quot;:null,&quot;deposit&quot;:null,&quot;maintenance&quot;:null,&quot;negotiable&quot;:false,&quot;carpet_area&quot;:null,&quot;builtup_area&quot;:null,&quot;plot_area&quot;:null,&quot;area_unit&quot;:&quot;sqft&quot;,&quot;city&quot;:&quot;dombivli&quot;,&quot;location&quot;:&quot;dombivli-east&quot;,&quot;address&quot;:null,&quot;lat&quot;:null,&quot;lng&quot;:null,&quot;amenities&quot;:[],&quot;features&quot;:[],&quot;images&quot;:[],&quot;video_url&quot;:null,&quot;youtube_url&quot;:null,&quot;virtual_tour_url&quot;:null,&quot;brochure_url&quot;:null,&quot;floor_plan&quot;:null,&quot;developer_id&quot;:null,&quot;project_id&quot;:null,&quot;agent_id&quot;:null,&quot;owner_id&quot;:&quot;ce0e7625-552a-4b4a-a91a-26a4453c6ad4&quot;,&quot;rera_number&quot;:null,&quot;status&quot;:&quot;active&quot;,&quot;verified&quot;:false,&quot;featured&quot;:false,&quot;views&quot;:0,&quot;investor_property&quot;:false,&quot;best_resale&quot;:false,&quot;flags&quot;:[],&quot;main_image&quot;:null,&quot;unit_plan&quot;:null,&quot;nearby_locations&quot;:[],&quot;google_map_link&quot;:null,&quot;tenant_preference&quot;:null,&quot;available_from&quot;:null,&quot;lease_duration&quot;:null,&quot;verification&quot;:{},&quot;verified_at&quot;:null,&quot;reviewed_at&quot;:null,&quot;rejection_reason&quot;:null,&quot;seo&quot;:{}}&#10;assert 200 in {400, 403}&#10; +  where 200 = &lt;Response [200]&gt;.status_code">backend/tests/test_drafts.py:216: in test_non_admin_cannot_escalate_draft_directly_to_active
    assert response.status_code in {400, 403}, response.text
E   AssertionError: {"id":"035f6766-b2f1-436e-a43f-3ab313396a2b","created_at":"2026-08-17T03:11:44.378205+00:00","updated_at":"2026-08-17T03:11:44.489098+00:00","title":"TEST_Draft_Property_bccaa7660d","slug":"test-draft-property-bccaa7660d","description":null,"listing_type":"sale","property_category":"residential","property_type":"apartment","bhk":null,"bathrooms":null,"balcony":null,"parking":null,"floor":null,"total_floors":null,"furnishing":null,"construction_status":null,"possession":null,"property_age":null,"price":5100000.0,"price_per_sqft":null,"rent":null,"deposit":null,"maintenance":null,"negotiable":false,"carpet_area":null,"builtup_area":null,"plot_area":null,"area_unit":"sqft","city":"dombivli","location":"dombivli-east","address":null,"lat":null,"lng":null,"amenities":[],"features":[],"images":[],"video_url":null,"youtube_url":null,"virtual_tour_url":null,"brochure_url":null,"floor_plan":null,"developer_id":null,"project_id":null,"agent_id":null,"owner_id":"ce0e7625-552a-4b4a-a91a-26a4453c6ad4","rera_number":null,"status":"active","verified":false,"featured":false,"views":0,"investor_property":false,"best_resale":false,"flags":[],"main_image":null,"unit_plan":null,"nearby_locations":[],"google_map_link":null,"tenant_preference":null,"available_from":null,"lease_duration":null,"verification":{},"verified_at":null,"reviewed_at":null,"rejection_reason":null,"seo":{}}
E   assert 200 in {400, 403}
E    +  where 200 = &lt;Response [200]&gt;.status_code</failure></testcase><testcase classname="tests.test_drafts.TestDraftAPI" name="test_draft_project_does_not_leak_through_public_developer_profile" time="0.351"><failure message="AssertionError: assert '5edeefd9-88f1-408b-a38f-b8000717dead' not in {'25980d9f-2d70-469f-8e9a-82fd2b2312f2', '5edeefd9-88f1-408b-a38f-b8000717dead', 'b080839c-d8d7-46f9-b23b-58b706e00e34', 'e335a6f8-1a2b-4fcc-b11a-adf0001a98d7'}">backend/tests/test_drafts.py:236: in test_draft_project_does_not_leak_through_public_developer_profile
    assert project["id"] not in {row["id"] for row in profile.json()["projects"]}
E   AssertionError: assert '5edeefd9-88f1-408b-a38f-b8000717dead' not in {'25980d9f-2d70-469f-8e9a-82fd2b2312f2', '5edeefd9-88f1-408b-a38f-b8000717dead', 'b080839c-d8d7-46f9-b23b-58b706e00e34', 'e335a6f8-1a2b-4fcc-b11a-adf0001a98d7'}</failure></testcase><testcase classname="tests.test_drafts.TestDraftAPI" name="test_public_list_endpoints_only_return_active_records" time="0.518" /></testsuite></testsuites>