<?xml version="1.0" encoding="utf-8"?><testsuites name="pytest tests"><testsuite name="pytest" errors="0" failures="0" skipped="0" tests="7" time="1.841" timestamp="2026-09-01T16:33:49.799495+00:00" hostname="agent-env-434642b2-b122-45bc-95e4-206c11c9b6ad"><testcase classname="tests.test_favorites_compare.TestProjectFavorites" name="test_project_favorites_requires_auth" time="0.281" /><testcase classname="tests.test_favorites_compare.TestPropertyFavorites" name="test_favorites_requires_auth" time="0.195" /><testcase classname="tests.test_favorites_compare.TestPropertyFavorites" name="test_add_get_delete_property_favorite" time="1.105" /><testcase classname="tests.test_favorites_compare.TestProjectFavorites" name="test_add_get_delete_project_favorite" time="1.152" /><testcase classname="tests.test_favorites_compare.TestCompareAndSaved" name="test_compare_returns_selected_properties" time="0.128" /><testcase classname="tests.test_favorites_compare.TestCompareAndSaved" name="test_saved_searches_list" time="0.074" /><testcase classname="tests.test_favorites_compare.TestDrafts" name="test_drafts_listable" time="0.096" /></testsuite></testsuites>