<?xml version="1.0" encoding="utf-8"?><testsuites name="pytest tests"><testsuite name="pytest" errors="0" failures="0" skipped="0" tests="8" time="4.149" timestamp="2026-08-18T17:13:46.087354+00:00" hostname="agent-env-434642b2-b122-45bc-95e4-206c11c9b6ad"><testcase classname="tests.test_iteration11.TestUnitsDevelopersAndListings" name="test_unit_create_update_and_cleanup" time="1.302" /><testcase classname="tests.test_iteration11.TestPublicPrivacyFilters" name="test_developer_profile_excludes_created_draft_project_and_property" time="2.227" /><testcase classname="tests.test_iteration11.TestUnitsDevelopersAndListings" name="test_admin_create_minimal_developer_and_empty_name_validation" time="0.386" /><testcase classname="tests.test_iteration11.TestUnitsDevelopersAndListings" name="test_properties_total_and_active_contract" time="0.182" /><testcase classname="tests.test_iteration11.TestCriticalStatusGuards" name="test_user_property_active_becomes_pending_and_flags_cannot_escalate" time="0.955" /><testcase classname="tests.test_iteration11.TestPublicPrivacyFilters" name="test_agent_profile_excludes_created_draft_property" time="0.696" /><testcase classname="tests.test_iteration11.TestPublicPrivacyFilters" name="test_featured_projects_only_active" time="0.239" /><testcase classname="tests.test_iteration11.TestCriticalStatusGuards" name="test_developer_project_active_becomes_pending_and_flags_cannot_escalate" time="0.908" /></testsuite></testsuites>