<?xml version="1.0" encoding="utf-8"?><testsuites name="pytest tests"><testsuite name="pytest" errors="0" failures="1" skipped="0" tests="18" time="7.998" timestamp="2026-08-24T05:07:08.635763+00:00" hostname="agent-env-434642b2-b122-45bc-95e4-206c11c9b6ad"><testcase classname="tests.test_iteration12_contact_routing.TestAdminUsersAndRouting" name="test_01_admin_list_users" time="0.601" /><testcase classname="tests.test_iteration12_contact_routing.TestAdminUsersAndRouting" name="test_02_create_test_agent_user" time="0.350" /><testcase classname="tests.test_iteration12_contact_routing.TestAdminUsersAndRouting" name="test_02b_create_user_invalid_email_returns_400_not_500" time="0.361"><failure message="AssertionError: unhandled pydantic EmailStr ValidationError leaks as 500&#10;assert 500 != 500&#10; +  where 500 = &lt;Response [500]&gt;.status_code">tests/test_iteration12_contact_routing.py:89: in test_02b_create_user_invalid_email_returns_400_not_500
    assert r.status_code != 500, "unhandled pydantic EmailStr ValidationError leaks as 500"
E   AssertionError: unhandled pydantic EmailStr ValidationError leaks as 500
E   assert 500 != 500
E    +  where 500 = &lt;Response [500]&gt;.status_code</failure></testcase><testcase classname="tests.test_iteration12_contact_routing.TestAdminUsersAndRouting" name="test_03_admin_update_user_name_phone_whatsapp" time="0.234" /><testcase classname="tests.test_iteration12_contact_routing.TestAdminUsersAndRouting" name="test_04_agent_can_login" time="0.351" /><testcase classname="tests.test_iteration12_contact_routing.TestAdminUsersAndRouting" name="test_05_agent_creates_property_admin_approves" time="0.295" /><testcase classname="tests.test_iteration12_contact_routing.TestAdminUsersAndRouting" name="test_06_assign_property_and_contact_object" time="0.197" /><testcase classname="tests.test_iteration12_contact_routing.TestAdminUsersAndRouting" name="test_07_unassigned_property_contact_is_null" time="0.267" /><testcase classname="tests.test_iteration12_contact_routing.TestAdminUsersAndRouting" name="test_08_project_detail_exposes_contact_key" time="0.217" /><testcase classname="tests.test_iteration12_contact_routing.TestAdminUsersAndRouting" name="test_09_lead_routed_to_assigned_agent" time="1.203" /><testcase classname="tests.test_iteration12_contact_routing.TestAdminUsersAndRouting" name="test_10_agent_sees_own_lead_only" time="0.094" /><testcase classname="tests.test_iteration12_contact_routing.TestAdminUsersAndRouting" name="test_11_user_role_cannot_list_leads" time="0.450" /><testcase classname="tests.test_iteration12_contact_routing.TestAdminUsersAndRouting" name="test_12_admin_sets_password_directly" time="1.407" /><testcase classname="tests.test_iteration12_contact_routing.TestAdminUsersAndRouting" name="test_13_short_password_rejected" time="0.106" /><testcase classname="tests.test_iteration12_contact_routing.TestAdminUsersAndRouting" name="test_14_reset_password_endpoint" time="0.271" /><testcase classname="tests.test_iteration12_contact_routing.TestAdminUsersAndRouting" name="test_15_admin_cannot_delete_self" time="0.088" /><testcase classname="tests.test_iteration12_contact_routing.TestAdminUsersAndRouting" name="test_16_non_admin_cannot_delete_user" time="0.563" /><testcase classname="tests.test_iteration12_contact_routing.TestAdminUsersAndRouting" name="test_17_delete_user_reassigns_everything_to_admin" time="0.829" /></testsuite></testsuites>