<?xml version="1.0" encoding="utf-8"?><testsuites name="pytest tests"><testsuite name="pytest" errors="0" failures="2" skipped="0" tests="31" time="3.786" timestamp="2026-08-13T18:26:18.042507+00:00" hostname="agent-env-434642b2-b122-45bc-95e4-206c11c9b6ad"><testcase classname="tests.backend_test.TestIncrementalFeatureAPIs" name="test_health_contract" time="0.246" /><testcase classname="tests.backend_test.TestIncrementalFeatureAPIs" name="test_seeded_role_auth_and_me[admin_client-super_admin]" time="0.506" /><testcase classname="tests.backend_test.TestAdminLeadFilters" name="test_lead_filter[None]" time="0.698" /><testcase classname="tests.backend_test.TestAdminLeadFilters" name="test_lead_filter[new]" time="0.075" /><testcase classname="tests.backend_test.TestIncrementalFeatureAPIs" name="test_seeded_role_auth_and_me[agent_client-agent]" time="0.435" /><testcase classname="tests.backend_test.TestAdminLeadFilters" name="test_lead_filter[contacted]" time="0.068" /><testcase classname="tests.backend_test.TestAdminLeadFilters" name="test_lead_filter[interested]" time="0.267" /><testcase classname="tests.backend_test.TestAdminLeadFilters" name="test_lead_filter[site_visit]" time="0.072" /><testcase classname="tests.backend_test.TestAdminLeadFilters" name="test_lead_filter[negotiation]" time="0.071" /><testcase classname="tests.backend_test.TestIncrementalFeatureAPIs" name="test_seeded_role_auth_and_me[developer_client-developer]" time="0.467" /><testcase classname="tests.backend_test.TestAdminLeadFilters" name="test_lead_filter[booking]" time="0.066" /><testcase classname="tests.backend_test.TestAdminLeadFilters" name="test_lead_filter[converted]" time="0.279" /><testcase classname="tests.backend_test.TestAdminLeadFilters" name="test_lead_filter[lost]" time="0.070" /><testcase classname="tests.backend_test.TestIncrementalFeatureAPIs" name="test_seeded_role_auth_and_me[user_client-user]" time="0.462" /><testcase classname="tests.backend_test.TestAdminLeadFilters" name="test_lead_filter[junk]" time="0.075" /><testcase classname="tests.backend_test.TestLeadAndSiteVisitCreation" name="test_contact_and_property_leads_persist_with_admin_visibility" time="0.382"><failure message="AssertionError: {&quot;detail&quot;:[{&quot;type&quot;:&quot;value_error&quot;,&quot;loc&quot;:[&quot;body&quot;,&quot;email&quot;],&quot;msg&quot;:&quot;value is not a valid email address: The part after the @-sign is a special-use or reserved name that cannot be used with email.&quot;,&quot;input&quot;:&quot;contact-0eb934233c@example.test&quot;,&quot;ctx&quot;:{&quot;reason&quot;:&quot;The part after the @-sign is a special-use or reserved name that cannot be used with email.&quot;}}]}&#10;assert 422 == 200&#10; +  where 422 = &lt;Response [422]&gt;.status_code">tests/backend_test.py:300: in test_contact_and_property_leads_persist_with_admin_visibility
    assert response.status_code == 200, response.text
E   AssertionError: {"detail":[{"type":"value_error","loc":["body","email"],"msg":"value is not a valid email address: The part after the @-sign is a special-use or reserved name that cannot be used with email.","input":"contact-0eb934233c@example.test","ctx":{"reason":"The part after the @-sign is a special-use or reserved name that cannot be used with email."}}]}
E   assert 422 == 200
E    +  where 422 = &lt;Response [422]&gt;.status_code</failure></testcase><testcase classname="tests.backend_test.TestIncrementalFeatureAPIs" name="test_projects_bhk_and_price_sort_contract" time="0.142" /><testcase classname="tests.backend_test.TestLeadAndSiteVisitCreation" name="test_site_visit_persists_and_is_admin_visible" time="0.246" /><testcase classname="tests.backend_test.TestIncrementalFeatureAPIs" name="test_commercial_office_filter_contract" time="0.167" /><testcase classname="tests.backend_test.TestLeadAndSiteVisitCreation" name="test_invalid_public_submission_is_rejected_cleanly[leads-payload0-Valid 10-digit mobile number required]" time="0.136" /><testcase classname="tests.backend_test.TestIncrementalFeatureAPIs" name="test_created_developer_and_amenity_dedupe_state" time="0.365" /><testcase classname="tests.backend_test.TestLeadAndSiteVisitCreation" name="test_invalid_public_submission_is_rejected_cleanly[site-visits-payload1-Valid 10-digit mobile number required]" time="0.148"><failure message="AssertionError: {&quot;detail&quot;:[{&quot;type&quot;:&quot;missing&quot;,&quot;loc&quot;:[&quot;body&quot;,&quot;visit_time&quot;],&quot;msg&quot;:&quot;Field required&quot;,&quot;input&quot;:{&quot;name&quot;:&quot;TEST_Invalid&quot;,&quot;phone&quot;:&quot;123&quot;,&quot;visit_date&quot;:&quot;2026-12-01&quot;},&quot;url&quot;:&quot;https://errors.pydantic.dev/2.13/v/missing&quot;}]}&#10;assert 422 == 400&#10; +  where 422 = &lt;Response [422]&gt;.status_code">tests/backend_test.py:355: in test_invalid_public_submission_is_rejected_cleanly
    assert response.status_code == 400, response.text
E   AssertionError: {"detail":[{"type":"missing","loc":["body","visit_time"],"msg":"Field required","input":{"name":"TEST_Invalid","phone":"123","visit_date":"2026-12-01"},"url":"https://errors.pydantic.dev/2.13/v/missing"}]}
E   assert 422 == 400
E    +  where 422 = &lt;Response [422]&gt;.status_code</failure></testcase><testcase classname="tests.backend_test.TestLeadAndSiteVisitCreation" name="test_admin_lists_require_authentication[leads]" time="0.174" /><testcase classname="tests.backend_test.TestIncrementalFeatureAPIs" name="test_lead_stats_contract_by_authorized_role[admin_client]" time="0.110" /><testcase classname="tests.backend_test.TestLeadAndSiteVisitCreation" name="test_admin_lists_require_authentication[site-visits]" time="0.137" /><testcase classname="tests.backend_test.TestIncrementalFeatureAPIs" name="test_lead_stats_contract_by_authorized_role[agent_client]" time="0.076" /><testcase classname="tests.backend_test.TestIncrementalFeatureAPIs" name="test_lead_stats_contract_by_authorized_role[developer_client]" time="0.066" /><testcase classname="tests.backend_test.TestAdminSiteVisits" name="test_list_and_update_site_visit_persists" time="0.308" /><testcase classname="tests.backend_test.TestIncrementalFeatureAPIs" name="test_imported_draft_is_owner_visible_but_not_public" time="0.212" /><testcase classname="tests.backend_test.TestIncrementalFeatureAPIs" name="test_admin_seo_pages_contract" time="0.067" /><testcase classname="tests.backend_test.TestAdminSiteVisits" name="test_update_unknown_site_visit_is_clean_404" time="0.082" /></testsuite></testsuites>