<?xml version="1.0" encoding="utf-8"?><testsuites name="pytest tests"><testsuite name="pytest" errors="0" failures="0" skipped="0" tests="7" time="1.642" timestamp="2026-08-16T16:32:29.199121+00:00" hostname="agent-env-434642b2-b122-45bc-95e4-206c11c9b6ad"><testcase classname="tests.backend_test.TestPropertiesNavigationRegression" name="test_sale_listing_grid_contract" time="0.295" /><testcase classname="tests.backend_test.TestPropertiesNavigationRegression" name="test_search_contract_uses_real_listing_title" time="0.276" /><testcase classname="tests.backend_test.TestPropertiesNavigationRegression" name="test_category_filter_contract[params0-residential-None]" time="0.125" /><testcase classname="tests.backend_test.TestPropertiesNavigationRegression" name="test_category_filter_contract[params1-commercial-office]" time="0.147" /><testcase classname="tests.backend_test.TestPropertiesNavigationRegression" name="test_price_sort_contract[price_low-False]" time="0.110" /><testcase classname="tests.backend_test.TestPropertiesNavigationRegression" name="test_price_sort_contract[price_high-True]" time="0.124" /><testcase classname="tests.backend_test.TestPropertiesNavigationRegression" name="test_projects_public_contract" time="0.173" /></testsuite></testsuites>