<?xml version="1.0" encoding="utf-8"?><testsuites name="pytest tests"><testsuite name="pytest" errors="0" failures="0" skipped="0" tests="25" time="3.358" timestamp="2026-08-13T11:40:20.539787+00:00" hostname="agent-env-434642b2-b122-45bc-95e4-206c11c9b6ad"><testcase classname="tests.backend_test.TestIncrementalFeatureAPIs" name="test_health_contract" time="0.213" /><testcase classname="tests.backend_test.TestIncrementalFeatureAPIs" name="test_seeded_role_auth_and_me[admin_client-super_admin]" time="0.556" /><testcase classname="tests.backend_test.TestAdminLeadFilters" name="test_lead_filter[None]" time="0.651" /><testcase classname="tests.backend_test.TestAdminLeadFilters" name="test_lead_filter[new]" time="0.044" /><testcase classname="tests.backend_test.TestAdminLeadFilters" name="test_lead_filter[contacted]" time="0.042" /><testcase classname="tests.backend_test.TestAdminLeadFilters" name="test_lead_filter[interested]" time="0.085" /><testcase classname="tests.backend_test.TestIncrementalFeatureAPIs" name="test_seeded_role_auth_and_me[agent_client-agent]" time="0.493" /><testcase classname="tests.backend_test.TestAdminLeadFilters" name="test_lead_filter[site_visit]" time="0.043" /><testcase classname="tests.backend_test.TestAdminLeadFilters" name="test_lead_filter[negotiation]" time="0.255" /><testcase classname="tests.backend_test.TestAdminLeadFilters" name="test_lead_filter[booking]" time="0.048" /><testcase classname="tests.backend_test.TestAdminLeadFilters" name="test_lead_filter[converted]" time="0.043" /><testcase classname="tests.backend_test.TestAdminLeadFilters" name="test_lead_filter[lost]" time="0.046" /><testcase classname="tests.backend_test.TestAdminLeadFilters" name="test_lead_filter[junk]" time="0.045" /><testcase classname="tests.backend_test.TestIncrementalFeatureAPIs" name="test_seeded_role_auth_and_me[developer_client-developer]" time="0.495" /><testcase classname="tests.backend_test.TestAdminSiteVisits" name="test_list_and_update_site_visit_persists" time="0.407" /><testcase classname="tests.backend_test.TestAdminSiteVisits" name="test_update_unknown_site_visit_is_clean_404" time="0.085" /><testcase classname="tests.backend_test.TestIncrementalFeatureAPIs" name="test_seeded_role_auth_and_me[user_client-user]" time="0.408" /><testcase classname="tests.backend_test.TestIncrementalFeatureAPIs" name="test_projects_bhk_and_price_sort_contract" time="0.103" /><testcase classname="tests.backend_test.TestIncrementalFeatureAPIs" name="test_commercial_office_filter_contract" time="0.114" /><testcase classname="tests.backend_test.TestIncrementalFeatureAPIs" name="test_created_developer_and_amenity_dedupe_state" time="0.215" /><testcase classname="tests.backend_test.TestIncrementalFeatureAPIs" name="test_lead_stats_contract_by_authorized_role[admin_client]" time="0.062" /><testcase classname="tests.backend_test.TestIncrementalFeatureAPIs" name="test_lead_stats_contract_by_authorized_role[agent_client]" time="0.058" /><testcase classname="tests.backend_test.TestIncrementalFeatureAPIs" name="test_lead_stats_contract_by_authorized_role[developer_client]" time="0.081" /><testcase classname="tests.backend_test.TestIncrementalFeatureAPIs" name="test_imported_draft_is_owner_visible_but_not_public" time="0.160" /><testcase classname="tests.backend_test.TestIncrementalFeatureAPIs" name="test_admin_seo_pages_contract" time="0.069" /></testsuite></testsuites>