<?xml version="1.0" encoding="utf-8"?><testsuites name="pytest tests"><testsuite name="pytest" errors="0" failures="2" skipped="0" tests="5" time="16.248" timestamp="2026-08-16T16:10:33.304940+00:00" hostname="agent-env-434642b2-b122-45bc-95e4-206c11c9b6ad"><testcase classname="tests.test_targeted_fixes.TestProjectAndDraftContracts" name="test_admin_project_publish_persists_configuration_array_and_land_size" time="1.222" /><testcase classname="tests.test_targeted_fixes.TestLoanLeadAndNearbyPlaces" name="test_home_loan_lead_persists_loan_type" time="1.582" /><testcase classname="tests.test_targeted_fixes.TestProjectAndDraftContracts" name="test_developer_save_draft_remains_draft" time="0.762"><failure message="AssertionError: assert 'pending_review' == 'draft'&#10;  &#10;  - draft&#10;  + pending_review">backend/tests/test_targeted_fixes.py:188: in test_developer_save_draft_remains_draft
    assert body["status"] == "draft"
E   AssertionError: assert 'pending_review' == 'draft'
E     
E     - draft
E     + pending_review</failure></testcase><testcase classname="tests.test_targeted_fixes.TestLoanLeadAndNearbyPlaces" name="test_dombivli_east_address_returns_nearby_places" time="14.333" /><testcase classname="tests.test_targeted_fixes.TestProjectAndDraftContracts" name="test_user_save_property_draft_remains_draft" time="0.996"><failure message="AssertionError: assert 'pending_review' == 'draft'&#10;  &#10;  - draft&#10;  + pending_review">backend/tests/test_targeted_fixes.py:216: in test_user_save_property_draft_remains_draft
    assert body["status"] == "draft"
E   AssertionError: assert 'pending_review' == 'draft'
E     
E     - draft
E     + pending_review</failure></testcase></testsuite></testsuites>