<?xml version="1.0" encoding="utf-8"?><testsuites name="pytest tests"><testsuite name="pytest" errors="0" failures="1" skipped="0" tests="1" time="1.275" timestamp="2026-08-16T16:16:49.178276+00:00" hostname="agent-env-434642b2-b122-45bc-95e4-206c11c9b6ad"><testcase classname="tests.test_cleanup_targeted_qa" name="test_verify_ui_records_and_cleanup_all_qa_prefixes" time="0.930"><failure message="AssertionError: assert [] == ['1 BHK', '2 BHK', '3 BHK']&#10;  &#10;  Right contains 3 more items, first extra item: '1 BHK'&#10;  &#10;  Full diff:&#10;  + []&#10;  - [&#10;  -     '1 BHK',...&#10;  &#10;  ...Full output truncated (3 lines hidden), use '-vv' to show">backend/tests/test_cleanup_targeted_qa.py:47: in test_verify_ui_records_and_cleanup_all_qa_prefixes
    assert published_project["configurations"] == ["1 BHK", "2 BHK", "3 BHK"]
E   AssertionError: assert [] == ['1 BHK', '2 BHK', '3 BHK']
E     
E     Right contains 3 more items, first extra item: '1 BHK'
E     
E     Full diff:
E     + []
E     - [
E     -     '1 BHK',...
E     
E     ...Full output truncated (3 lines hidden), use '-vv' to show</failure></testcase></testsuite></testsuites>